[2026-01-10T12:41:57.261Z] Sender Loop Error: 
Invalid `prisma.campaign.findMany()` invocation:


Can't reach database server at `ep-solitary-king-a1vf1idu-pooler.ap-southeast-1.aws.neon.tech:5432`

Please make sure your database server is running at `ep-solitary-king-a1vf1idu-pooler.ap-southeast-1.aws.neon.tech:5432`.
PrismaClientKnownRequestError: 
Invalid `prisma.campaign.findMany()` invocation:


Can't reach database server at `ep-solitary-king-a1vf1idu-pooler.ap-southeast-1.aws.neon.tech:5432`

Please make sure your database server is running at `ep-solitary-king-a1vf1idu-pooler.ap-southeast-1.aws.neon.tech:5432`.
    at ei.handleRequestError (C:\MyProjects\OfficeProjects\bluebird-campaigner-main\backend\node_modules\@prisma\client\runtime\library.js:121:7268)
    at ei.handleAndLogRequestError (C:\MyProjects\OfficeProjects\bluebird-campaigner-main\backend\node_modules\@prisma\client\runtime\library.js:121:6593)
    at ei.request (C:\MyProjects\OfficeProjects\bluebird-campaigner-main\backend\node_modules\@prisma\client\runtime\library.js:121:6300)
    at async a (C:\MyProjects\OfficeProjects\bluebird-campaigner-main\backend\node_modules\@prisma\client\runtime\library.js:130:9551)
    at async Timeout._onTimeout (file:///C:/MyProjects/OfficeProjects/bluebird-campaigner-main/backend/server.js:926:37)
[2026-01-10T12:42:37.276Z] Sender Loop Error: 
Invalid `prisma.campaign.findMany()` invocation:


Can't reach database server at `ep-solitary-king-a1vf1idu-pooler.ap-southeast-1.aws.neon.tech:5432`

Please make sure your database server is running at `ep-solitary-king-a1vf1idu-pooler.ap-southeast-1.aws.neon.tech:5432`.
PrismaClientKnownRequestError: 
Invalid `prisma.campaign.findMany()` invocation:


Can't reach database server at `ep-solitary-king-a1vf1idu-pooler.ap-southeast-1.aws.neon.tech:5432`

Please make sure your database server is running at `ep-solitary-king-a1vf1idu-pooler.ap-southeast-1.aws.neon.tech:5432`.
    at ei.handleRequestError (C:\MyProjects\OfficeProjects\bluebird-campaigner-main\backend\node_modules\@prisma\client\runtime\library.js:121:7268)
    at ei.handleAndLogRequestError (C:\MyProjects\OfficeProjects\bluebird-campaigner-main\backend\node_modules\@prisma\client\runtime\library.js:121:6593)
    at ei.request (C:\MyProjects\OfficeProjects\bluebird-campaigner-main\backend\node_modules\@prisma\client\runtime\library.js:121:6300)
    at async a (C:\MyProjects\OfficeProjects\bluebird-campaigner-main\backend\node_modules\@prisma\client\runtime\library.js:130:9551)
    at async Timeout._onTimeout (file:///C:/MyProjects/OfficeProjects/bluebird-campaigner-main/backend/server.js:926:37)
[2026-01-10T12:43:48.847Z] Failed to send to gayathrigottemukkala@gmail.com: Request had insufficient authentication scopes.
[2026-01-10T12:43:54.177Z] Failed to send to gayathrigottemukkala123@gmail.com: Failed to refresh Gmail authentication. Please reconnect your account.
[2026-01-10T12:44:03.301Z] Failed to send to gayathrigottemukkala@gmail.com: Request had insufficient authentication scopes.
[2026-01-10T12:44:09.334Z] Failed to send to gayathrigottemukkala@gmail.com: Request had insufficient authentication scopes.
[2026-01-10T12:44:55.766Z] Failed to send to gayathrigottemukkala@gmail.com: Request had insufficient authentication scopes.
[2026-01-10T12:45:06.107Z] Failed to send to gayathrigottemukkala123@gmail.com: Failed to refresh Gmail authentication. Account has been disconnected. Please reconnect.
[2026-01-10T12:45:09.780Z] Failed to send to gayathrigottemukkala@gmail.com: Request had insufficient authentication scopes.
